  HiveClientNode.cpp
C:\Users\xp\Desktop\Programiranje\ProjektiCpp\HiveRemasterVS2022\HiveRemaster\HiveRemaster\HiveClientNode.cpp(52,49): warning C4267: 'argument': conversion from 'size_t' to 'int', possible loss of data
  HiveRemaster.cpp
C:\Users\xp\Desktop\Programiranje\ProjektiCpp\HiveRemasterVS2022\HiveRemaster\HiveRemaster\ASCIIART.h(7,10): warning C4566: character represented by universal-character-name '\u2588' cannot be represented in the current code page (1252)
C:\Users\xp\Desktop\Programiranje\ProjektiCpp\HiveRemasterVS2022\HiveRemaster\HiveRemaster\ASCIIART.h(8,10): warning C4566: character represented by universal-character-name '\u2588' cannot be represented in the current code page (1252)
C:\Users\xp\Desktop\Programiranje\ProjektiCpp\HiveRemasterVS2022\HiveRemaster\HiveRemaster\ASCIIART.h(10,10): warning C4566: character represented by universal-character-name '\u2588' cannot be represented in the current code page (1252)
C:\Users\xp\Desktop\Programiranje\ProjektiCpp\HiveRemasterVS2022\HiveRemaster\HiveRemaster\ASCIIART.h(11,10): warning C4566: character represented by universal-character-name '\u2588' cannot be represented in the current code page (1252)
C:\Users\xp\Desktop\Programiranje\ProjektiCpp\HiveRemasterVS2022\HiveRemaster\HiveRemaster\ASCIIART.h(12,10): warning C4566: character represented by universal-character-name '\u2588' cannot be represented in the current code page (1252)
C:\Users\xp\Desktop\Programiranje\ProjektiCpp\HiveRemasterVS2022\HiveRemaster\HiveRemaster\ASCIIART.h(13,10): warning C4566: character represented by universal-character-name '\u2588' cannot be represented in the current code page (1252)
C:\Users\xp\Desktop\Programiranje\ProjektiCpp\HiveRemasterVS2022\HiveRemaster\HiveRemaster\ASCIIART.h(14,10): warning C4566: character represented by universal-character-name '\u2588' cannot be represented in the current code page (1252)
C:\Users\xp\Desktop\Programiranje\ProjektiCpp\HiveRemasterVS2022\HiveRemaster\HiveRemaster\ASCIIART.h(15,10): warning C4566: character represented by universal-character-name '\u2588' cannot be represented in the current code page (1252)
C:\Users\xp\Desktop\Programiranje\ProjektiCpp\HiveRemasterVS2022\HiveRemaster\HiveRemaster\ASCIIART.h(16,10): warning C4566: character represented by universal-character-name '\u2588' cannot be represented in the current code page (1252)
C:\Users\xp\Desktop\Programiranje\ProjektiCpp\HiveRemasterVS2022\HiveRemaster\HiveRemaster\ASCIIART.h(17,10): warning C4566: character represented by universal-character-name '\u2588' cannot be represented in the current code page (1252)
C:\Users\xp\Desktop\Programiranje\ProjektiCpp\HiveRemasterVS2022\HiveRemaster\HiveRemaster\ASCIIART.h(18,10): warning C4566: character represented by universal-character-name '\u2588' cannot be represented in the current code page (1252)
C:\Users\xp\Desktop\Programiranje\ProjektiCpp\HiveRemasterVS2022\HiveRemaster\HiveRemaster\ASCIIART.h(19,10): warning C4566: character represented by universal-character-name '\u2588' cannot be represented in the current code page (1252)
C:\Users\xp\Desktop\Programiranje\ProjektiCpp\HiveRemasterVS2022\HiveRemaster\HiveRemaster\ASCIIART.h(20,10): warning C4566: character represented by universal-character-name '\u2588' cannot be represented in the current code page (1252)
C:\Users\xp\Desktop\Programiranje\ProjektiCpp\HiveRemasterVS2022\HiveRemaster\HiveRemaster\ASCIIART.h(21,10): warning C4566: character represented by universal-character-name '\u2588' cannot be represented in the current code page (1252)
C:\Users\xp\Desktop\Programiranje\ProjektiCpp\HiveRemasterVS2022\HiveRemaster\HiveRemaster\ASCIIART.h(22,10): warning C4566: character represented by universal-character-name '\u2588' cannot be represented in the current code page (1252)
C:\Users\xp\Desktop\Programiranje\ProjektiCpp\HiveRemasterVS2022\HiveRemaster\HiveRemaster\ASCIIART.h(23,10): warning C4566: character represented by universal-character-name '\u2588' cannot be represented in the current code page (1252)
C:\Users\xp\Desktop\Programiranje\ProjektiCpp\HiveRemasterVS2022\HiveRemaster\HiveRemaster\ASCIIART.h(24,10): warning C4566: character represented by universal-character-name '\u2588' cannot be represented in the current code page (1252)
C:\Users\xp\Desktop\Programiranje\ProjektiCpp\HiveRemasterVS2022\HiveRemaster\HiveRemaster\ASCIIART.h(25,10): warning C4566: character represented by universal-character-name '\u2588' cannot be represented in the current code page (1252)
C:\Users\xp\Desktop\Programiranje\ProjektiCpp\HiveRemasterVS2022\HiveRemaster\HiveRemaster\ASCIIART.h(26,10): warning C4566: character represented by universal-character-name '\u2588' cannot be represented in the current code page (1252)
C:\Users\xp\Desktop\Programiranje\ProjektiCpp\HiveRemasterVS2022\HiveRemaster\HiveRemaster\ASCIIART.h(27,10): warning C4566: character represented by universal-character-name '\u2588' cannot be represented in the current code page (1252)
C:\Users\xp\Desktop\Programiranje\ProjektiCpp\HiveRemasterVS2022\HiveRemaster\HiveRemaster\ASCIIART.h(28,10): warning C4566: character represented by universal-character-name '\u2588' cannot be represented in the current code page (1252)
C:\Users\xp\Desktop\Programiranje\ProjektiCpp\HiveRemasterVS2022\HiveRemaster\HiveRemaster\ASCIIART.h(29,10): warning C4566: character represented by universal-character-name '\u2588' cannot be represented in the current code page (1252)
C:\Users\xp\Desktop\Programiranje\ProjektiCpp\HiveRemasterVS2022\HiveRemaster\HiveRemaster\ASCIIART.h(30,10): warning C4566: character represented by universal-character-name '\u2588' cannot be represented in the current code page (1252)
C:\Users\xp\Desktop\Programiranje\ProjektiCpp\HiveRemasterVS2022\HiveRemaster\HiveRemaster\ASCIIART.h(31,10): warning C4566: character represented by universal-character-name '\u2588' cannot be represented in the current code page (1252)
C:\Users\xp\Desktop\Programiranje\ProjektiCpp\HiveRemasterVS2022\HiveRemaster\HiveRemaster\ASCIIART.h(32,10): warning C4566: character represented by universal-character-name '\u2588' cannot be represented in the current code page (1252)
C:\Users\xp\Desktop\Programiranje\ProjektiCpp\HiveRemasterVS2022\HiveRemaster\HiveRemaster\ASCIIART.h(33,10): warning C4566: character represented by universal-character-name '\u2588' cannot be represented in the current code page (1252)
C:\Users\xp\Desktop\Programiranje\ProjektiCpp\HiveRemasterVS2022\HiveRemaster\HiveRemaster\ASCIIART.h(34,10): warning C4566: character represented by universal-character-name '\u2588' cannot be represented in the current code page (1252)
C:\Users\xp\Desktop\Programiranje\ProjektiCpp\HiveRemasterVS2022\HiveRemaster\HiveRemaster\ASCIIART.h(35,10): warning C4566: character represented by universal-character-name '\u2588' cannot be represented in the current code page (1252)
C:\Users\xp\Desktop\Programiranje\ProjektiCpp\HiveRemasterVS2022\HiveRemaster\HiveRemaster\ASCIIART.h(36,10): warning C4566: character represented by universal-character-name '\u2588' cannot be represented in the current code page (1252)
C:\Users\xp\Desktop\Programiranje\ProjektiCpp\HiveRemasterVS2022\HiveRemaster\HiveRemaster\ASCIIART.h(37,10): warning C4566: character represented by universal-character-name '\u2588' cannot be represented in the current code page (1252)
C:\Users\xp\Desktop\Programiranje\ProjektiCpp\HiveRemasterVS2022\HiveRemaster\HiveRemaster\ASCIIART.h(49,10): warning C4566: character represented by universal-character-name '\u2588' cannot be represented in the current code page (1252)
C:\Users\xp\Desktop\Programiranje\ProjektiCpp\HiveRemasterVS2022\HiveRemaster\HiveRemaster\ASCIIART.h(50,10): warning C4566: character represented by universal-character-name '\u2588' cannot be represented in the current code page (1252)
C:\Users\xp\Desktop\Programiranje\ProjektiCpp\HiveRemasterVS2022\HiveRemaster\HiveRemaster\ASCIIART.h(51,10): warning C4566: character represented by universal-character-name '\u2588' cannot be represented in the current code page (1252)
C:\Users\xp\Desktop\Programiranje\ProjektiCpp\HiveRemasterVS2022\HiveRemaster\HiveRemaster\ASCIIART.h(52,10): warning C4566: character represented by universal-character-name '\u2588' cannot be represented in the current code page (1252)
C:\Users\xp\Desktop\Programiranje\ProjektiCpp\HiveRemasterVS2022\HiveRemaster\HiveRemaster\ASCIIART.h(53,10): warning C4566: character represented by universal-character-name '\u2588' cannot be represented in the current code page (1252)
C:\Users\xp\Desktop\Programiranje\ProjektiCpp\HiveRemasterVS2022\HiveRemaster\HiveRemaster\ASCIIART.h(54,10): warning C4566: character represented by universal-character-name '\u2588' cannot be represented in the current code page (1252)
C:\Users\xp\Desktop\Programiranje\ProjektiCpp\HiveRemasterVS2022\HiveRemaster\HiveRemaster\ASCIIART.h(55,10): warning C4566: character represented by universal-character-name '\u2588' cannot be represented in the current code page (1252)
C:\Users\xp\Desktop\Programiranje\ProjektiCpp\HiveRemasterVS2022\HiveRemaster\HiveRemaster\ASCIIART.h(56,10): warning C4566: character represented by universal-character-name '\u2588' cannot be represented in the current code page (1252)
C:\Users\xp\Desktop\Programiranje\ProjektiCpp\HiveRemasterVS2022\HiveRemaster\HiveRemaster\ASCIIART.h(57,10): warning C4566: character represented by universal-character-name '\u2588' cannot be represented in the current code page (1252)
C:\Users\xp\Desktop\Programiranje\ProjektiCpp\HiveRemasterVS2022\HiveRemaster\HiveRemaster\ASCIIART.h(58,10): warning C4566: character represented by universal-character-name '\u2588' cannot be represented in the current code page (1252)
C:\Users\xp\Desktop\Programiranje\ProjektiCpp\HiveRemasterVS2022\HiveRemaster\HiveRemaster\ASCIIART.h(59,10): warning C4566: character represented by universal-character-name '\u2588' cannot be represented in the current code page (1252)
C:\Users\xp\Desktop\Programiranje\ProjektiCpp\HiveRemasterVS2022\HiveRemaster\HiveRemaster\ASCIIART.h(60,10): warning C4566: character represented by universal-character-name '\u2588' cannot be represented in the current code page (1252)
C:\Users\xp\Desktop\Programiranje\ProjektiCpp\HiveRemasterVS2022\HiveRemaster\HiveRemaster\ASCIIART.h(61,10): warning C4566: character represented by universal-character-name '\u2588' cannot be represented in the current code page (1252)
C:\Users\xp\Desktop\Programiranje\ProjektiCpp\HiveRemasterVS2022\HiveRemaster\HiveRemaster\ASCIIART.h(62,10): warning C4566: character represented by universal-character-name '\u2588' cannot be represented in the current code page (1252)
C:\Users\xp\Desktop\Programiranje\ProjektiCpp\HiveRemasterVS2022\HiveRemaster\HiveRemaster\ASCIIART.h(63,10): warning C4566: character represented by universal-character-name '\u2588' cannot be represented in the current code page (1252)
C:\Users\xp\Desktop\Programiranje\ProjektiCpp\HiveRemasterVS2022\HiveRemaster\HiveRemaster\ASCIIART.h(64,10): warning C4566: character represented by universal-character-name '\u2588' cannot be represented in the current code page (1252)
C:\Users\xp\Desktop\Programiranje\ProjektiCpp\HiveRemasterVS2022\HiveRemaster\HiveRemaster\ASCIIART.h(65,10): warning C4566: character represented by universal-character-name '\u2588' cannot be represented in the current code page (1252)
C:\Users\xp\Desktop\Programiranje\ProjektiCpp\HiveRemasterVS2022\HiveRemaster\HiveRemaster\ASCIIART.h(66,10): warning C4566: character represented by universal-character-name '\u2588' cannot be represented in the current code page (1252)
C:\Users\xp\Desktop\Programiranje\ProjektiCpp\HiveRemasterVS2022\HiveRemaster\HiveRemaster\ASCIIART.h(67,10): warning C4566: character represented by universal-character-name '\u2588' cannot be represented in the current code page (1252)
C:\Users\xp\Desktop\Programiranje\ProjektiCpp\HiveRemasterVS2022\HiveRemaster\HiveRemaster\ASCIIART.h(68,10): warning C4566: character represented by universal-character-name '\u2588' cannot be represented in the current code page (1252)
C:\Users\xp\Desktop\Programiranje\ProjektiCpp\HiveRemasterVS2022\HiveRemaster\HiveRemaster\ASCIIART.h(69,10): warning C4566: character represented by universal-character-name '\u2588' cannot be represented in the current code page (1252)
C:\Users\xp\Desktop\Programiranje\ProjektiCpp\HiveRemasterVS2022\HiveRemaster\HiveRemaster\ASCIIART.h(70,10): warning C4566: character represented by universal-character-name '\u2588' cannot be represented in the current code page (1252)
C:\Users\xp\Desktop\Programiranje\ProjektiCpp\HiveRemasterVS2022\HiveRemaster\HiveRemaster\ASCIIART.h(71,10): warning C4566: character represented by universal-character-name '\u2588' cannot be represented in the current code page (1252)
C:\Users\xp\Desktop\Programiranje\ProjektiCpp\HiveRemasterVS2022\HiveRemaster\HiveRemaster\ASCIIART.h(72,10): warning C4566: character represented by universal-character-name '\u2588' cannot be represented in the current code page (1252)
C:\Users\xp\Desktop\Programiranje\ProjektiCpp\HiveRemasterVS2022\HiveRemaster\HiveRemaster\ASCIIART.h(73,10): warning C4566: character represented by universal-character-name '\u2588' cannot be represented in the current code page (1252)
C:\Users\xp\Desktop\Programiranje\ProjektiCpp\HiveRemasterVS2022\HiveRemaster\HiveRemaster\ASCIIART.h(74,10): warning C4566: character represented by universal-character-name '\u2588' cannot be represented in the current code page (1252)
C:\Users\xp\Desktop\Programiranje\ProjektiCpp\HiveRemasterVS2022\HiveRemaster\HiveRemaster\ASCIIART.h(75,10): warning C4566: character represented by universal-character-name '\u2588' cannot be represented in the current code page (1252)
C:\Users\xp\Desktop\Programiranje\ProjektiCpp\HiveRemasterVS2022\HiveRemaster\HiveRemaster\ASCIIART.h(76,10): warning C4566: character represented by universal-character-name '\u2588' cannot be represented in the current code page (1252)
C:\Users\xp\Desktop\Programiranje\ProjektiCpp\HiveRemasterVS2022\HiveRemaster\HiveRemaster\ASCIIART.h(88,10): warning C4566: character represented by universal-character-name '\u2588' cannot be represented in the current code page (1252)
C:\Users\xp\Desktop\Programiranje\ProjektiCpp\HiveRemasterVS2022\HiveRemaster\HiveRemaster\ASCIIART.h(89,10): warning C4566: character represented by universal-character-name '\u2588' cannot be represented in the current code page (1252)
C:\Users\xp\Desktop\Programiranje\ProjektiCpp\HiveRemasterVS2022\HiveRemaster\HiveRemaster\ASCIIART.h(90,10): warning C4566: character represented by universal-character-name '\u2588' cannot be represented in the current code page (1252)
C:\Users\xp\Desktop\Programiranje\ProjektiCpp\HiveRemasterVS2022\HiveRemaster\HiveRemaster\ASCIIART.h(91,10): warning C4566: character represented by universal-character-name '\u2588' cannot be represented in the current code page (1252)
C:\Users\xp\Desktop\Programiranje\ProjektiCpp\HiveRemasterVS2022\HiveRemaster\HiveRemaster\ASCIIART.h(92,10): warning C4566: character represented by universal-character-name '\u2588' cannot be represented in the current code page (1252)
C:\Users\xp\Desktop\Programiranje\ProjektiCpp\HiveRemasterVS2022\HiveRemaster\HiveRemaster\ASCIIART.h(93,10): warning C4566: character represented by universal-character-name '\u2588' cannot be represented in the current code page (1252)
C:\Users\xp\Desktop\Programiranje\ProjektiCpp\HiveRemasterVS2022\HiveRemaster\HiveRemaster\ASCIIART.h(94,10): warning C4566: character represented by universal-character-name '\u2588' cannot be represented in the current code page (1252)
C:\Users\xp\Desktop\Programiranje\ProjektiCpp\HiveRemasterVS2022\HiveRemaster\HiveRemaster\ASCIIART.h(95,10): warning C4566: character represented by universal-character-name '\u2588' cannot be represented in the current code page (1252)
C:\Users\xp\Desktop\Programiranje\ProjektiCpp\HiveRemasterVS2022\HiveRemaster\HiveRemaster\ASCIIART.h(96,10): warning C4566: character represented by universal-character-name '\u2588' cannot be represented in the current code page (1252)
C:\Users\xp\Desktop\Programiranje\ProjektiCpp\HiveRemasterVS2022\HiveRemaster\HiveRemaster\ASCIIART.h(97,10): warning C4566: character represented by universal-character-name '\u2588' cannot be represented in the current code page (1252)
C:\Users\xp\Desktop\Programiranje\ProjektiCpp\HiveRemasterVS2022\HiveRemaster\HiveRemaster\ASCIIART.h(98,10): warning C4566: character represented by universal-character-name '\u2588' cannot be represented in the current code page (1252)
C:\Users\xp\Desktop\Programiranje\ProjektiCpp\HiveRemasterVS2022\HiveRemaster\HiveRemaster\ASCIIART.h(99,10): warning C4566: character represented by universal-character-name '\u2588' cannot be represented in the current code page (1252)
C:\Users\xp\Desktop\Programiranje\ProjektiCpp\HiveRemasterVS2022\HiveRemaster\HiveRemaster\ASCIIART.h(100,10): warning C4566: character represented by universal-character-name '\u2588' cannot be represented in the current code page (1252)
C:\Users\xp\Desktop\Programiranje\ProjektiCpp\HiveRemasterVS2022\HiveRemaster\HiveRemaster\ASCIIART.h(101,10): warning C4566: character represented by universal-character-name '\u2588' cannot be represented in the current code page (1252)
C:\Users\xp\Desktop\Programiranje\ProjektiCpp\HiveRemasterVS2022\HiveRemaster\HiveRemaster\ASCIIART.h(102,10): warning C4566: character represented by universal-character-name '\u2588' cannot be represented in the current code page (1252)
C:\Users\xp\Desktop\Programiranje\ProjektiCpp\HiveRemasterVS2022\HiveRemaster\HiveRemaster\ASCIIART.h(103,10): warning C4566: character represented by universal-character-name '\u2588' cannot be represented in the current code page (1252)
C:\Users\xp\Desktop\Programiranje\ProjektiCpp\HiveRemasterVS2022\HiveRemaster\HiveRemaster\ASCIIART.h(104,10): warning C4566: character represented by universal-character-name '\u2588' cannot be represented in the current code page (1252)
C:\Users\xp\Desktop\Programiranje\ProjektiCpp\HiveRemasterVS2022\HiveRemaster\HiveRemaster\ASCIIART.h(105,10): warning C4566: character represented by universal-character-name '\u2588' cannot be represented in the current code page (1252)
C:\Users\xp\Desktop\Programiranje\ProjektiCpp\HiveRemasterVS2022\HiveRemaster\HiveRemaster\ASCIIART.h(106,10): warning C4566: character represented by universal-character-name '\u2588' cannot be represented in the current code page (1252)
C:\Users\xp\Desktop\Programiranje\ProjektiCpp\HiveRemasterVS2022\HiveRemaster\HiveRemaster\ASCIIART.h(107,10): warning C4566: character represented by universal-character-name '\u2588' cannot be represented in the current code page (1252)
C:\Users\xp\Desktop\Programiranje\ProjektiCpp\HiveRemasterVS2022\HiveRemaster\HiveRemaster\ASCIIART.h(108,10): warning C4566: character represented by universal-character-name '\u2588' cannot be represented in the current code page (1252)
C:\Users\xp\Desktop\Programiranje\ProjektiCpp\HiveRemasterVS2022\HiveRemaster\HiveRemaster\ASCIIART.h(109,10): warning C4566: character represented by universal-character-name '\u2588' cannot be represented in the current code page (1252)
C:\Users\xp\Desktop\Programiranje\ProjektiCpp\HiveRemasterVS2022\HiveRemaster\HiveRemaster\ASCIIART.h(110,10): warning C4566: character represented by universal-character-name '\u2588' cannot be represented in the current code page (1252)
C:\Users\xp\Desktop\Programiranje\ProjektiCpp\HiveRemasterVS2022\HiveRemaster\HiveRemaster\ASCIIART.h(111,10): warning C4566: character represented by universal-character-name '\u2588' cannot be represented in the current code page (1252)
C:\Users\xp\Desktop\Programiranje\ProjektiCpp\HiveRemasterVS2022\HiveRemaster\HiveRemaster\ASCIIART.h(112,10): warning C4566: character represented by universal-character-name '\u2588' cannot be represented in the current code page (1252)
C:\Users\xp\Desktop\Programiranje\ProjektiCpp\HiveRemasterVS2022\HiveRemaster\HiveRemaster\ASCIIART.h(113,10): warning C4566: character represented by universal-character-name '\u2588' cannot be represented in the current code page (1252)
C:\Users\xp\Desktop\Programiranje\ProjektiCpp\HiveRemasterVS2022\HiveRemaster\HiveRemaster\ASCIIART.h(114,10): warning C4566: character represented by universal-character-name '\u2588' cannot be represented in the current code page (1252)
C:\Users\xp\Desktop\Programiranje\ProjektiCpp\HiveRemasterVS2022\HiveRemaster\HiveRemaster\ASCIIART.h(115,10): warning C4566: character represented by universal-character-name '\u2588' cannot be represented in the current code page (1252)
C:\Users\xp\Desktop\Programiranje\ProjektiCpp\HiveRemasterVS2022\HiveRemaster\HiveRemaster\ASCIIART.h(116,10): warning C4566: character represented by universal-character-name '\u2588' cannot be represented in the current code page (1252)
C:\Users\xp\Desktop\Programiranje\ProjektiCpp\HiveRemasterVS2022\HiveRemaster\HiveRemaster\ASCIIART.h(117,10): warning C4566: character represented by universal-character-name '\u2588' cannot be represented in the current code page (1252)
C:\Users\xp\Desktop\Programiranje\ProjektiCpp\HiveRemasterVS2022\HiveRemaster\HiveRemaster\ASCIIART.h(118,10): warning C4566: character represented by universal-character-name '\u2588' cannot be represented in the current code page (1252)
C:\Users\xp\Desktop\Programiranje\ProjektiCpp\HiveRemasterVS2022\HiveRemaster\HiveRemaster\ASCIIART.h(119,10): warning C4566: character represented by universal-character-name '\u2588' cannot be represented in the current code page (1252)
C:\Users\xp\Desktop\Programiranje\ProjektiCpp\HiveRemasterVS2022\HiveRemaster\HiveRemaster\ASCIIART.h(120,10): warning C4566: character represented by universal-character-name '\u2588' cannot be represented in the current code page (1252)
C:\Users\xp\Desktop\Programiranje\ProjektiCpp\HiveRemasterVS2022\HiveRemaster\HiveRemaster\ASCIIART.h(121,10): warning C4566: character represented by universal-character-name '\u2588' cannot be represented in the current code page (1252)
C:\Users\xp\Desktop\Programiranje\ProjektiCpp\HiveRemasterVS2022\HiveRemaster\HiveRemaster\ASCIIART.h(122,10): warning C4566: character represented by universal-character-name '\u2588' cannot be represented in the current code page (1252)
C:\Users\xp\Desktop\Programiranje\ProjektiCpp\HiveRemasterVS2022\HiveRemaster\HiveRemaster\ASCIIART.h(123,10): warning C4566: character represented by universal-character-name '\u2588' cannot be represented in the current code page (1252)
C:\Users\xp\Desktop\Programiranje\ProjektiCpp\HiveRemasterVS2022\HiveRemaster\HiveRemaster\ASCIIART.h(124,10): warning C4566: character represented by universal-character-name '\u2588' cannot be represented in the current code page (1252)
C:\Users\xp\Desktop\Programiranje\ProjektiCpp\HiveRemasterVS2022\HiveRemaster\HiveRemaster\ASCIIART.h(125,10): warning C4566: character represented by universal-character-name '\u2588' cannot be represented in the current code page (1252)
C:\Users\xp\Desktop\Programiranje\ProjektiCpp\HiveRemasterVS2022\HiveRemaster\HiveRemaster\ASCIIART.h(126,10): warning C4566: character represented by universal-character-name '\u2588' cannot be represented in the current code page (1252)
C:\Users\xp\Desktop\Programiranje\ProjektiCpp\HiveRemasterVS2022\HiveRemaster\HiveRemaster\ASCIIART.h(127,10): warning C4566: character represented by universal-character-name '\u2588' cannot be represented in the current code page (1252)
  Generating code
  Previous IPDB not found, fall back to full compilation.
  All 25 functions were compiled because no usable IPDB/IOBJ from previous compilation was found.
  Finished generating code
  HiveRemaster.vcxproj -> C:\Users\xp\Desktop\Programiranje\ProjektiCpp\HiveRemasterVS2022\HiveRemaster\x64\Release\HiveRemaster.exe
